{"/Users/alexbertotto/Desktop/IP5/src/agecalculator.js": {"path":"/Users/alexbertotto/Desktop/IP5/src/agecalculator.js","statementMap":{"0":{"start":{"line":2,"column":1},"end":{"line":2,"column":16}},"1":{"start":{"line":5,"column":0},"end":{"line":7,"column":2}},"2":{"start":{"line":6,"column":1},"end":{"line":6,"column":61}},"3":{"start":{"line":9,"column":0},"end":{"line":11,"column":2}},"4":{"start":{"line":10,"column":1},"end":{"line":10,"column":61}},"5":{"start":{"line":13,"column":0},"end":{"line":15,"column":2}},"6":{"start":{"line":14,"column":1},"end":{"line":14,"column":61}},"7":{"start":{"line":17,"column":0},"end":{"line":19,"column":2}},"8":{"start":{"line":18,"column":1},"end":{"line":18,"column":62}}},"fnMap":{"0":{"name":"AgeCalculator","decl":{"start":{"line":1,"column":16},"end":{"line":1,"column":29}},"loc":{"start":{"line":1,"column":34},"end":{"line":3,"column":1}},"line":1},"1":{"name":"(anonymous_1)","decl":{"start":{"line":5,"column":46},"end":{"line":5,"column":47}},"loc":{"start":{"line":5,"column":57},"end":{"line":7,"column":1}},"line":5},"2":{"name":"(anonymous_2)","decl":{"start":{"line":9,"column":44},"end":{"line":9,"column":45}},"loc":{"start":{"line":9,"column":55},"end":{"line":11,"column":1}},"line":9},"3":{"name":"(anonymous_3)","decl":{"start":{"line":13,"column":43},"end":{"line":13,"column":44}},"loc":{"start":{"line":13,"column":54},"end":{"line":15,"column":1}},"line":13},"4":{"name":"(anonymous_4)","decl":{"start":{"line":17,"column":46},"end":{"line":17,"column":47}},"loc":{"start":{"line":17,"column":57},"end":{"line":19,"column":1}},"line":17}},"branchMap":{},"s":{"0":5,"1":1,"2":1,"3":1,"4":1,"5":1,"6":1,"7":1,"8":1},"f":{"0":5,"1":1,"2":1,"3":1,"4":1},"b":{},"_coverageSchema":"43e27e138ebf9cfc5966b082cf9a028302ed4184","hash":"ff2a2641bf29bc329b10f4bbe6b33cb1486904c2"}
,"/Users/alexbertotto/Desktop/IP5/src/lifeexpectancy.js": {"path":"/Users/alexbertotto/Desktop/IP5/src/lifeexpectancy.js","statementMap":{"0":{"start":{"line":3,"column":2},"end":{"line":3,"column":27}},"1":{"start":{"line":8,"column":2},"end":{"line":8,"column":25}}},"fnMap":{"0":{"name":"(anonymous_0)","decl":{"start":{"line":2,"column":1},"end":{"line":2,"column":2}},"loc":{"start":{"line":2,"column":23},"end":{"line":4,"column":2}},"line":2},"1":{"name":"(anonymous_1)","decl":{"start":{"line":6,"column":1},"end":{"line":6,"column":2}},"loc":{"start":{"line":6,"column":13},"end":{"line":9,"column":2}},"line":6}},"branchMap":{},"s":{"0":1,"1":1},"f":{"0":1,"1":1},"b":{},"_coverageSchema":"43e27e138ebf9cfc5966b082cf9a028302ed4184","hash":"720e70c94e5027ef2616f46f1983677d5a6caec4"}
}
